/Users/evaldomacielfilho/Downloads/crm JurisNexo/jurisnexo/apps/api/JurisNexo.Infrastructure/BackgroundJobs/CRMSyncEventHandler.cs(40,45): warning CS0618: "RedisChannel.implicit operator RedisChannel(string)" é obsoleto: "It is preferable to explicitly specify a PatternMode, or use the Literal/Pattern methods" [/Users/evaldomacielfilho/Downloads/crm JurisNexo/jurisnexo/apps/api/JurisNexo.Infrastructure/JurisNexo.Infrastructure.csproj]
/Users/evaldomacielfilho/Downloads/crm JurisNexo/jurisnexo/apps/api/JurisNexo.Infrastructure/BackgroundJobs/CRMSyncEventHandler.cs(48,45): warning CS0618: "RedisChannel.implicit operator RedisChannel(string)" é obsoleto: "It is preferable to explicitly specify a PatternMode, or use the Literal/Pattern methods" [/Users/evaldomacielfilho/Downloads/crm JurisNexo/jurisnexo/apps/api/JurisNexo.Infrastructure/JurisNexo.Infrastructure.csproj]
/Users/evaldomacielfilho/Downloads/crm JurisNexo/jurisnexo/apps/api/JurisNexo.Infrastructure/BackgroundJobs/CRMSyncEventHandler.cs(56,45): warning CS0618: "RedisChannel.implicit operator RedisChannel(string)" é obsoleto: "It is preferable to explicitly specify a PatternMode, or use the Literal/Pattern methods" [/Users/evaldomacielfilho/Downloads/crm JurisNexo/jurisnexo/apps/api/JurisNexo.Infrastructure/JurisNexo.Infrastructure.csproj]
/Users/evaldomacielfilho/Downloads/crm JurisNexo/jurisnexo/apps/api/JurisNexo.Infrastructure/BackgroundJobs/RedisDomainEventListener.cs(48,45): warning CS0618: "RedisChannel.implicit operator RedisChannel(string)" é obsoleto: "It is preferable to explicitly specify a PatternMode, or use the Literal/Pattern methods" [/Users/evaldomacielfilho/Downloads/crm JurisNexo/jurisnexo/apps/api/JurisNexo.Infrastructure/JurisNexo.Infrastructure.csproj]
/Users/evaldomacielfilho/Downloads/crm JurisNexo/jurisnexo/apps/api/JurisNexo.Infrastructure/BackgroundJobs/RedisDomainEventListener.cs(54,69): warning CS8604: Possível argumento de referência nula para o parâmetro 'json' em 'TEvent? JsonSerializer.Deserialize<TEvent>(string json, JsonSerializerOptions? options = null)'. [/Users/evaldomacielfilho/Downloads/crm JurisNexo/jurisnexo/apps/api/JurisNexo.Infrastructure/JurisNexo.Infrastructure.csproj]
/Users/evaldomacielfilho/Downloads/crm JurisNexo/jurisnexo/apps/api/JurisNexo.Infrastructure/Repositories/CaseRepository.cs(42,17): warning CS8602: Desreferência de uma referência possivelmente nula. [/Users/evaldomacielfilho/Downloads/crm JurisNexo/jurisnexo/apps/api/JurisNexo.Infrastructure/JurisNexo.Infrastructure.csproj]
/Users/evaldomacielfilho/Downloads/crm JurisNexo/jurisnexo/apps/api/JurisNexo.Infrastructure/Repositories/CaseRepository.cs(43,17): warning CS8602: Desreferência de uma referência possivelmente nula. [/Users/evaldomacielfilho/Downloads/crm JurisNexo/jurisnexo/apps/api/JurisNexo.Infrastructure/JurisNexo.Infrastructure.csproj]
/Users/evaldomacielfilho/Downloads/crm JurisNexo/jurisnexo/apps/api/JurisNexo.Infrastructure/Services/EventPublisher.cs(28,43): warning CS0618: "RedisChannel.implicit operator RedisChannel(string)" é obsoleto: "It is preferable to explicitly specify a PatternMode, or use the Literal/Pattern methods" [/Users/evaldomacielfilho/Downloads/crm JurisNexo/jurisnexo/apps/api/JurisNexo.Infrastructure/JurisNexo.Infrastructure.csproj]
/Users/evaldomacielfilho/Downloads/crm JurisNexo/jurisnexo/apps/api/JurisNexo.Infrastructure/Services/WhatsAppService.cs(82,20): warning CS8601: Possível atribuição de referência nula. [/Users/evaldomacielfilho/Downloads/crm JurisNexo/jurisnexo/apps/api/JurisNexo.Infrastructure/JurisNexo.Infrastructure.csproj]
/Users/evaldomacielfilho/Downloads/crm JurisNexo/jurisnexo/apps/api/JurisNexo.Infrastructure/Services/CRM/SalesforceIntegrationService.cs(25,16): warning CS8618: O campo não anulável '_accessToken' precisa conter um valor não nulo ao sair do construtor. Considere adicionar o modificador "obrigatório" ou declarar o campo como anulável. [/Users/evaldomacielfilho/Downloads/crm JurisNexo/jurisnexo/apps/api/JurisNexo.Infrastructure/JurisNexo.Infrastructure.csproj]
/Users/evaldomacielfilho/Downloads/crm JurisNexo/jurisnexo/apps/api/JurisNexo.Infrastructure/Services/CRM/SalesforceIntegrationService.cs(55,32): warning CS8602: Desreferência de uma referência possivelmente nula. [/Users/evaldomacielfilho/Downloads/crm JurisNexo/jurisnexo/apps/api/JurisNexo.Infrastructure/JurisNexo.Infrastructure.csproj]
/Users/evaldomacielfilho/Downloads/crm JurisNexo/jurisnexo/apps/api/JurisNexo.Infrastructure/Services/ExecutiveDashboardService.cs(26,45): warning CS1998: Este método assíncrono não possui operadores 'await' e será executado de modo síncrono. É recomendável o uso do operador 'await' para aguardar chamadas à API desbloqueadas ou do operador 'await Task.Run(...)' para realizar um trabalho associado à CPU em um thread em segundo plano. [/Users/evaldomacielfilho/Downloads/crm JurisNexo/jurisnexo/apps/api/JurisNexo.Infrastructure/JurisNexo.Infrastructure.csproj]
/Users/evaldomacielfilho/Downloads/crm JurisNexo/jurisnexo/apps/api/JurisNexo.Infrastructure/Services/CRM/HubSpotIntegrationService.cs(32,23): warning CS8601: Possível atribuição de referência nula. [/Users/evaldomacielfilho/Downloads/crm JurisNexo/jurisnexo/apps/api/JurisNexo.Infrastructure/JurisNexo.Infrastructure.csproj]
/Users/evaldomacielfilho/Downloads/crm JurisNexo/jurisnexo/apps/api/JurisNexo.Infrastructure/Services/CRM/HubSpotIntegrationService.cs(27,16): warning CS8618: O campo não anulável '_apiKey' precisa conter um valor não nulo ao sair do construtor. Considere adicionar o modificador "obrigatório" ou declarar o campo como anulável. [/Users/evaldomacielfilho/Downloads/crm JurisNexo/jurisnexo/apps/api/JurisNexo.Infrastructure/JurisNexo.Infrastructure.csproj]
/Users/evaldomacielfilho/Downloads/crm JurisNexo/jurisnexo/apps/api/JurisNexo.Infrastructure/Repositories/LeadRepository.cs(69,17): warning CS8602: Desreferência de uma referência possivelmente nula. [/Users/evaldomacielfilho/Downloads/crm JurisNexo/jurisnexo/apps/api/JurisNexo.Infrastructure/JurisNexo.Infrastructure.csproj]
/Users/evaldomacielfilho/Downloads/crm JurisNexo/jurisnexo/apps/api/JurisNexo.Infrastructure/Repositories/LeadRepository.cs(75,27): warning CS8602: Desreferência de uma referência possivelmente nula. [/Users/evaldomacielfilho/Downloads/crm JurisNexo/jurisnexo/apps/api/JurisNexo.Infrastructure/JurisNexo.Infrastructure.csproj]
/Users/evaldomacielfilho/Downloads/crm JurisNexo/jurisnexo/apps/api/JurisNexo.Infrastructure/Services/CRM/CRMSyncService.cs(89,49): warning CS1998: Este método assíncrono não possui operadores 'await' e será executado de modo síncrono. É recomendável o uso do operador 'await' para aguardar chamadas à API desbloqueadas ou do operador 'await Task.Run(...)' para realizar um trabalho associado à CPU em um thread em segundo plano. [/Users/evaldomacielfilho/Downloads/crm JurisNexo/jurisnexo/apps/api/JurisNexo.Infrastructure/JurisNexo.Infrastructure.csproj]
/Users/evaldomacielfilho/Downloads/crm JurisNexo/jurisnexo/apps/api/JurisNexo.Infrastructure/Services/CRM/SalesforceIntegrationService.cs(94,41): warning CS8602: Desreferência de uma referência possivelmente nula. [/Users/evaldomacielfilho/Downloads/crm JurisNexo/jurisnexo/apps/api/JurisNexo.Infrastructure/JurisNexo.Infrastructure.csproj]
/Users/evaldomacielfilho/Downloads/crm JurisNexo/jurisnexo/apps/api/JurisNexo.Infrastructure/Services/CRM/RDStationIntegrationService.cs(22,16): warning CS8618: O campo não anulável '_accessToken' precisa conter um valor não nulo ao sair do construtor. Considere adicionar o modificador "obrigatório" ou declarar o campo como anulável. [/Users/evaldomacielfilho/Downloads/crm JurisNexo/jurisnexo/apps/api/JurisNexo.Infrastructure/JurisNexo.Infrastructure.csproj]
/Users/evaldomacielfilho/Downloads/crm JurisNexo/jurisnexo/apps/api/JurisNexo.Infrastructure/Services/CRM/SalesforceIntegrationService.cs(127,37): warning CS8602: Desreferência de uma referência possivelmente nula. [/Users/evaldomacielfilho/Downloads/crm JurisNexo/jurisnexo/apps/api/JurisNexo.Infrastructure/JurisNexo.Infrastructure.csproj]
/Users/evaldomacielfilho/Downloads/crm JurisNexo/jurisnexo/apps/api/JurisNexo.Infrastructure/Services/CRM/HubSpotIntegrationService.cs(82,25): warning CS8602: Desreferência de uma referência possivelmente nula. [/Users/evaldomacielfilho/Downloads/crm JurisNexo/jurisnexo/apps/api/JurisNexo.Infrastructure/JurisNexo.Infrastructure.csproj]
/Users/evaldomacielfilho/Downloads/crm JurisNexo/jurisnexo/apps/api/JurisNexo.Infrastructure/Services/CRM/HubSpotIntegrationService.cs(97,35): warning CS8602: Desreferência de uma referência possivelmente nula. [/Users/evaldomacielfilho/Downloads/crm JurisNexo/jurisnexo/apps/api/JurisNexo.Infrastructure/JurisNexo.Infrastructure.csproj]
/Users/evaldomacielfilho/Downloads/crm JurisNexo/jurisnexo/apps/api/JurisNexo.Infrastructure/Services/WhatsAppService.cs(165,23): warning CS8601: Possível atribuição de referência nula. [/Users/evaldomacielfilho/Downloads/crm JurisNexo/jurisnexo/apps/api/JurisNexo.Infrastructure/JurisNexo.Infrastructure.csproj]
/Users/evaldomacielfilho/Downloads/crm JurisNexo/jurisnexo/apps/api/JurisNexo.Infrastructure/Services/WhatsAppService.cs(185,23): warning CS8601: Possível atribuição de referência nula. [/Users/evaldomacielfilho/Downloads/crm JurisNexo/jurisnexo/apps/api/JurisNexo.Infrastructure/JurisNexo.Infrastructure.csproj]
/Users/evaldomacielfilho/Downloads/crm JurisNexo/jurisnexo/apps/api/JurisNexo.Infrastructure/Services/CRM/HubSpotIntegrationService.cs(130,34): warning CS8602: Desreferência de uma referência possivelmente nula. [/Users/evaldomacielfilho/Downloads/crm JurisNexo/jurisnexo/apps/api/JurisNexo.Infrastructure/JurisNexo.Infrastructure.csproj]
/Users/evaldomacielfilho/Downloads/crm JurisNexo/jurisnexo/apps/api/JurisNexo.Infrastructure/Repositories/LeadRepository.cs(109,27): warning CS8602: Desreferência de uma referência possivelmente nula. [/Users/evaldomacielfilho/Downloads/crm JurisNexo/jurisnexo/apps/api/JurisNexo.Infrastructure/JurisNexo.Infrastructure.csproj]
/Users/evaldomacielfilho/Downloads/crm JurisNexo/jurisnexo/apps/api/JurisNexo.Infrastructure/Services/CRM/RDStationIntegrationService.cs(46,32): warning CS8602: Desreferência de uma referência possivelmente nula. [/Users/evaldomacielfilho/Downloads/crm JurisNexo/jurisnexo/apps/api/JurisNexo.Infrastructure/JurisNexo.Infrastructure.csproj]
/Users/evaldomacielfilho/Downloads/crm JurisNexo/jurisnexo/apps/api/JurisNexo.Infrastructure/Services/LeadQualificationBot.cs(124,36): warning CS1998: Este método assíncrono não possui operadores 'await' e será executado de modo síncrono. É recomendável o uso do operador 'await' para aguardar chamadas à API desbloqueadas ou do operador 'await Task.Run(...)' para realizar um trabalho associado à CPU em um thread em segundo plano. [/Users/evaldomacielfilho/Downloads/crm JurisNexo/jurisnexo/apps/api/JurisNexo.Infrastructure/JurisNexo.Infrastructure.csproj]
/Users/evaldomacielfilho/Downloads/crm JurisNexo/jurisnexo/apps/api/JurisNexo.Infrastructure/Services/CRM/RDStationIntegrationService.cs(77,36): warning CS8602: Desreferência de uma referência possivelmente nula. [/Users/evaldomacielfilho/Downloads/crm JurisNexo/jurisnexo/apps/api/JurisNexo.Infrastructure/JurisNexo.Infrastructure.csproj]
/Users/evaldomacielfilho/Downloads/crm JurisNexo/jurisnexo/apps/api/JurisNexo.Infrastructure/Services/LeadQualificationBot.cs(168,28): warning CS1998: Este método assíncrono não possui operadores 'await' e será executado de modo síncrono. É recomendável o uso do operador 'await' para aguardar chamadas à API desbloqueadas ou do operador 'await Task.Run(...)' para realizar um trabalho associado à CPU em um thread em segundo plano. [/Users/evaldomacielfilho/Downloads/crm JurisNexo/jurisnexo/apps/api/JurisNexo.Infrastructure/JurisNexo.Infrastructure.csproj]
/Users/evaldomacielfilho/Downloads/crm JurisNexo/jurisnexo/apps/api/JurisNexo.Infrastructure/Services/LeadQualificationService.cs(74,103): warning CS8602: Desreferência de uma referência possivelmente nula. [/Users/evaldomacielfilho/Downloads/crm JurisNexo/jurisnexo/apps/api/JurisNexo.Infrastructure/JurisNexo.Infrastructure.csproj]
/Users/evaldomacielfilho/Downloads/crm JurisNexo/jurisnexo/apps/api/JurisNexo.Infrastructure/Services/LeadQualificationService.cs(91,32): warning CS8601: Possível atribuição de referência nula. [/Users/evaldomacielfilho/Downloads/crm JurisNexo/jurisnexo/apps/api/JurisNexo.Infrastructure/JurisNexo.Infrastructure.csproj]
/Users/evaldomacielfilho/Downloads/crm JurisNexo/jurisnexo/apps/api/JurisNexo.Infrastructure/Services/LeadQualificationService.cs(93,28): warning CS8601: Possível atribuição de referência nula. [/Users/evaldomacielfilho/Downloads/crm JurisNexo/jurisnexo/apps/api/JurisNexo.Infrastructure/JurisNexo.Infrastructure.csproj]
/Users/evaldomacielfilho/Downloads/crm JurisNexo/jurisnexo/apps/api/JurisNexo.Infrastructure/Services/LeadQualificationService.cs(94,42): warning CS8601: Possível atribuição de referência nula. [/Users/evaldomacielfilho/Downloads/crm JurisNexo/jurisnexo/apps/api/JurisNexo.Infrastructure/JurisNexo.Infrastructure.csproj]
/Users/evaldomacielfilho/Downloads/crm JurisNexo/jurisnexo/apps/api/JurisNexo.Infrastructure/Services/WhatsAppMessageProcessor.cs(44,25): warning CS8602: Desreferência de uma referência possivelmente nula. [/Users/evaldomacielfilho/Downloads/crm JurisNexo/jurisnexo/apps/api/JurisNexo.Infrastructure/JurisNexo.Infrastructure.csproj]
/Users/evaldomacielfilho/Downloads/crm JurisNexo/jurisnexo/apps/api/JurisNexo.Infrastructure/Services/LeadQualificationService.cs(118,38): warning CS8603: Possível retorno de referência nula. [/Users/evaldomacielfilho/Downloads/crm JurisNexo/jurisnexo/apps/api/JurisNexo.Infrastructure/JurisNexo.Infrastructure.csproj]
/Users/evaldomacielfilho/Downloads/crm JurisNexo/jurisnexo/apps/api/JurisNexo.Infrastructure/Services/LeadQualificationService.cs(130,28): warning CS8601: Possível atribuição de referência nula. [/Users/evaldomacielfilho/Downloads/crm JurisNexo/jurisnexo/apps/api/JurisNexo.Infrastructure/JurisNexo.Infrastructure.csproj]
/Users/evaldomacielfilho/Downloads/crm JurisNexo/jurisnexo/apps/api/JurisNexo.Infrastructure/Services/LeadQualificationService.cs(132,24): warning CS8601: Possível atribuição de referência nula. [/Users/evaldomacielfilho/Downloads/crm JurisNexo/jurisnexo/apps/api/JurisNexo.Infrastructure/JurisNexo.Infrastructure.csproj]
/Users/evaldomacielfilho/Downloads/crm JurisNexo/jurisnexo/apps/api/JurisNexo.Infrastructure/Services/LeadQualificationService.cs(133,38): warning CS8601: Possível atribuição de referência nula. [/Users/evaldomacielfilho/Downloads/crm JurisNexo/jurisnexo/apps/api/JurisNexo.Infrastructure/JurisNexo.Infrastructure.csproj]
/Users/evaldomacielfilho/Downloads/crm JurisNexo/jurisnexo/apps/api/JurisNexo.Infrastructure/Services/WhatsAppService.cs(262,18): warning CS8602: Desreferência de uma referência possivelmente nula. [/Users/evaldomacielfilho/Downloads/crm JurisNexo/jurisnexo/apps/api/JurisNexo.Infrastructure/JurisNexo.Infrastructure.csproj]
/Users/evaldomacielfilho/Downloads/crm JurisNexo/jurisnexo/apps/api/JurisNexo.Infrastructure/Services/WhatsAppService.cs(278,37): warning CS8603: Possível retorno de referência nula. [/Users/evaldomacielfilho/Downloads/crm JurisNexo/jurisnexo/apps/api/JurisNexo.Infrastructure/JurisNexo.Infrastructure.csproj]
/Users/evaldomacielfilho/Downloads/crm JurisNexo/jurisnexo/apps/api/JurisNexo.Infrastructure/Services/LeadQualificationService.cs(384,20): warning CS8603: Possível retorno de referência nula. [/Users/evaldomacielfilho/Downloads/crm JurisNexo/jurisnexo/apps/api/JurisNexo.Infrastructure/JurisNexo.Infrastructure.csproj]
/Users/evaldomacielfilho/Downloads/crm JurisNexo/jurisnexo/apps/api/JurisNexo.Infrastructure/Services/LeadQualificationService.cs(545,38): warning CS8603: Possível retorno de referência nula. [/Users/evaldomacielfilho/Downloads/crm JurisNexo/jurisnexo/apps/api/JurisNexo.Infrastructure/JurisNexo.Infrastructure.csproj]
dbug: Microsoft.Extensions.Hosting.Internal.Host[1]
      Hosting starting
info: Microsoft.AspNetCore.DataProtection.KeyManagement.XmlKeyManager[62]
      User profile is available. Using '/Users/evaldomacielfilho/.aspnet/DataProtection-Keys' as key repository; keys will not be encrypted at rest.
info: JurisNexo.Infrastructure.BackgroundJobs.CRMSyncEngine[0]
      CRM Sync Engine Started
info: JurisNexo.Infrastructure.BackgroundJobs.CRMSyncEventHandler[0]
      CRM Sync Event Handler iniciado
info: Microsoft.Hosting.Lifetime[14]
      Now listening on: http://localhost:5000
info: Microsoft.Hosting.Lifetime[0]
      Application started. Press Ctrl+C to shut down.
info: Microsoft.Hosting.Lifetime[0]
      Hosting environment: Development
info: Microsoft.Hosting.Lifetime[0]
      Content root path: /Users/evaldomacielfilho/Downloads/crm JurisNexo/jurisnexo/apps/api/JurisNexo.Api
dbug: Microsoft.Extensions.Hosting.Internal.Host[2]
      Hosting started
dbug: Microsoft.EntityFrameworkCore.Infrastructure[10401]
      An 'IServiceProvider' was created for internal use by Entity Framework.
info: JurisNexo.Infrastructure.BackgroundJobs.CRMSyncEngine[0]
      CRM Sync Cycle Completed
info: Microsoft.AspNetCore.Hosting.Diagnostics[1]
      Request starting HTTP/1.1 HEAD http://localhost:5000/swagger/v1/swagger.json - - -
info: Microsoft.AspNetCore.Hosting.Diagnostics[2]
      Request finished HTTP/1.1 HEAD http://localhost:5000/swagger/v1/swagger.json - 404 - - 216.9385ms
info: Microsoft.AspNetCore.Hosting.Diagnostics[16]
      Request reached the end of the middleware pipeline without being handled by application code. Request path: HEAD http://localhost:5000/swagger/v1/swagger.json, Response status code: 404
info: Microsoft.AspNetCore.Hosting.Diagnostics[1]
      Request starting HTTP/1.1 GET http://localhost:5000/health - - -
info: Microsoft.AspNetCore.Routing.EndpointMiddleware[0]
      Executing endpoint 'JurisNexo.API.Controllers.HealthController.Get (JurisNexo.API)'
info: Microsoft.AspNetCore.Mvc.Infrastructure.ControllerActionInvoker[102]
      Route matched with {action = "Get", controller = "Health"}. Executing controller action with signature Microsoft.AspNetCore.Mvc.IActionResult Get() on controller JurisNexo.API.Controllers.HealthController (JurisNexo.API).
info: Microsoft.AspNetCore.Mvc.Infrastructure.ControllerActionInvoker[105]
      Executed action JurisNexo.API.Controllers.HealthController.Get (JurisNexo.API) in 18.939ms
info: Microsoft.AspNetCore.Routing.EndpointMiddleware[1]
      Executed endpoint 'JurisNexo.API.Controllers.HealthController.Get (JurisNexo.API)'
fail: JurisNexo.Api.Middleware.ExceptionHandlingMiddleware[0]
      Erro não tratado: Unable to resolve service for type 'Microsoft.Extensions.Caching.Distributed.IDistributedCache' while attempting to activate 'JurisNexo.API.Controllers.HealthController'.
      System.InvalidOperationException: Unable to resolve service for type 'Microsoft.Extensions.Caching.Distributed.IDistributedCache' while attempting to activate 'JurisNexo.API.Controllers.HealthController'.
         at Microsoft.Extensions.DependencyInjection.ActivatorUtilities.ThrowHelperUnableToResolveService(Type type, Type requiredBy)
         at lambda_method34(Closure, IServiceProvider, Object[])
         at Microsoft.AspNetCore.Mvc.Controllers.ControllerFactoryProvider.<>c__DisplayClass6_0.<CreateControllerFactory>g__CreateController|0(ControllerContext controllerContext)
         at Microsoft.AspNetCore.Mvc.Infrastructure.ControllerActionInvoker.Next(State& next, Scope& scope, Object& state, Boolean& isCompleted)
         at Microsoft.AspNetCore.Mvc.Infrastructure.ControllerActionInvoker.InvokeInnerFilterAsync()
      --- End of stack trace from previous location ---
         at Microsoft.AspNetCore.Mvc.Infrastructure.ResourceInvoker.<InvokeFilterPipelineAsync>g__Awaited|20_0(ResourceInvoker invoker, Task lastTask, State next, Scope scope, Object state, Boolean isCompleted)
         at Microsoft.AspNetCore.Mvc.Infrastructure.ResourceInvoker.<InvokeAsync>g__Logged|17_1(ResourceInvoker invoker)
         at Microsoft.AspNetCore.Mvc.Infrastructure.ResourceInvoker.<InvokeAsync>g__Logged|17_1(ResourceInvoker invoker)
         at Microsoft.AspNetCore.Routing.EndpointMiddleware.<Invoke>g__AwaitRequestTask|7_0(Endpoint endpoint, Task requestTask, ILogger logger)
         at Microsoft.AspNetCore.Authorization.AuthorizationMiddleware.Invoke(HttpContext context)
         at Microsoft.AspNetCore.Authentication.AuthenticationMiddleware.Invoke(HttpContext context)
         at JurisNexo.Api.Middleware.TenantMiddleware.InvokeAsync(HttpContext context) in /Users/evaldomacielfilho/Downloads/crm JurisNexo/jurisnexo/apps/api/JurisNexo.Api/Middleware/TenantMiddleware.cs:line 51
         at JurisNexo.Api.Middleware.ExceptionHandlingMiddleware.InvokeAsync(HttpContext context) in /Users/evaldomacielfilho/Downloads/crm JurisNexo/jurisnexo/apps/api/JurisNexo.Api/Middleware/ExceptionHandlingMiddleware.cs:line 22
info: Microsoft.AspNetCore.Hosting.Diagnostics[2]
      Request finished HTTP/1.1 GET http://localhost:5000/health - 500 - application/json 247.7224ms
info: Microsoft.AspNetCore.Hosting.Diagnostics[1]
      Request starting HTTP/1.1 GET http://localhost:5000/swagger/index.html - - -
info: Microsoft.AspNetCore.Hosting.Diagnostics[2]
      Request finished HTTP/1.1 GET http://localhost:5000/swagger/index.html - 200 - text/html;charset=utf-8 165.9449ms
